{"/mnt/c/c/Users/Yan/projetos/lab-test-api/ormconfig.js": {"path":"/mnt/c/c/Users/Yan/projetos/lab-test-api/ormconfig.js","statementMap":{"0":{"start":{"line":3,"column":5},"end":{"line":3,"column":41}},"1":{"start":{"line":11,"column":5},"end":{"line":11,"column":16}},"2":{"start":{"line":13,"column":1},"end":{"line":29,"column":3}}},"fnMap":{},"branchMap":{},"s":{"0":1,"1":1,"2":1},"f":{},"b":{},"inputSourceMap":null,"_coverageSchema":"1a1c01bbd47fc00a2c39e90264f33305004495a9","hash":"3d97799647143e8c0ffc6179a9d251803eed558b"}
,"/mnt/c/c/Users/Yan/projetos/lab-test-api/src/index.ts": {"path":"/mnt/c/c/Users/Yan/projetos/lab-test-api/src/index.ts","statementMap":{"0":{"start":{"line":1,"column":0},"end":{"line":1,"column":26}},"1":{"start":{"line":2,"column":0},"end":{"line":2,"column":30}},"2":{"start":{"line":3,"column":0},"end":{"line":3,"column":42}},"3":{"start":{"line":4,"column":0},"end":{"line":4,"column":24}},"4":{"start":{"line":5,"column":0},"end":{"line":5,"column":30}},"5":{"start":{"line":6,"column":0},"end":{"line":6,"column":63}},"6":{"start":{"line":7,"column":15},"end":{"line":7,"column":26}},"7":{"start":{"line":8,"column":13},"end":{"line":8,"column":29}},"8":{"start":{"line":11,"column":0},"end":{"line":11,"column":16}},"9":{"start":{"line":12,"column":0},"end":{"line":12,"column":27}},"10":{"start":{"line":14,"column":0},"end":{"line":14,"column":24}},"11":{"start":{"line":16,"column":0},"end":{"line":22,"column":38}},"12":{"start":{"line":18,"column":4},"end":{"line":21,"column":null}},"13":{"start":{"line":22,"column":18},"end":{"line":22,"column":36}},"14":{"start":{"line":23,"column":0},"end":{"line":25,"column":null}},"15":{"start":{"line":24,"column":4},"end":{"line":24,"column":null}}},"fnMap":{"0":{"name":"(anonymous_7)","decl":{"start":{"line":17,"column":6},"end":{"line":17,"column":11}},"loc":{"start":{"line":17,"column":22},"end":{"line":22,"column":1}}},"1":{"name":"(anonymous_8)","decl":{"start":{"line":22,"column":9},"end":{"line":22,"column":14}},"loc":{"start":{"line":22,"column":18},"end":{"line":22,"column":36}}},"2":{"name":"(anonymous_9)","decl":{"start":{"line":23,"column":17},"end":{"line":23,"column":null}},"loc":{"start":{"line":23,"column":17},"end":{"line":25,"column":1}}}},"branchMap":{},"s":{"0":1,"1":1,"2":1,"3":1,"4":1,"5":1,"6":1,"7":1,"8":1,"9":1,"10":1,"11":1,"12":1,"13":0,"14":1,"15":1},"f":{"0":1,"1":0,"2":1},"b":{}}
,"/mnt/c/c/Users/Yan/projetos/lab-test-api/src/entity/Brand.ts": {"path":"/mnt/c/c/Users/Yan/projetos/lab-test-api/src/entity/Brand.ts","statementMap":{"0":{"start":{"line":1,"column":0},"end":{"line":1,"column":63}},"1":{"start":{"line":4,"column":0},"end":{"line":12,"column":null}},"2":{"start":{"line":7,"column":4},"end":{"line":7,"column":null}},"3":{"start":{"line":10,"column":4},"end":{"line":10,"column":null}},"4":{"start":{"line":4,"column":13},"end":{"line":12,"column":null}},"5":{"start":{"line":12,"column":0},"end":{"line":12,"column":null}},"6":{"start":{"line":4,"column":13},"end":{"line":4,"column":18}}},"fnMap":{"0":{"name":"(anonymous_2)","decl":{"start":{"line":4,"column":0},"end":{"line":4,"column":13}},"loc":{"start":{"line":4,"column":0},"end":{"line":12,"column":null}}}},"branchMap":{},"s":{"0":1,"1":2,"2":1,"3":1,"4":1,"5":1,"6":1},"f":{"0":1},"b":{}}
,"/mnt/c/c/Users/Yan/projetos/lab-test-api/src/entity/Model.ts": {"path":"/mnt/c/c/Users/Yan/projetos/lab-test-api/src/entity/Model.ts","statementMap":{"0":{"start":{"line":1,"column":0},"end":{"line":1,"column":85}},"1":{"start":{"line":2,"column":0},"end":{"line":2,"column":32}},"2":{"start":{"line":5,"column":0},"end":{"line":16,"column":null}},"3":{"start":{"line":8,"column":4},"end":{"line":8,"column":null}},"4":{"start":{"line":11,"column":4},"end":{"line":11,"column":null}},"5":{"start":{"line":14,"column":4},"end":{"line":14,"column":null}},"6":{"start":{"line":13,"column":23},"end":{"line":13,"column":28}},"7":{"start":{"line":5,"column":13},"end":{"line":16,"column":null}},"8":{"start":{"line":16,"column":0},"end":{"line":16,"column":null}},"9":{"start":{"line":5,"column":13},"end":{"line":5,"column":18}}},"fnMap":{"0":{"name":"(anonymous_2)","decl":{"start":{"line":5,"column":0},"end":{"line":5,"column":13}},"loc":{"start":{"line":5,"column":0},"end":{"line":16,"column":null}}},"1":{"name":"(anonymous_3)","decl":{"start":{"line":13,"column":15},"end":{"line":13,"column":19}},"loc":{"start":{"line":13,"column":23},"end":{"line":13,"column":28}}}},"branchMap":{},"s":{"0":1,"1":1,"2":2,"3":1,"4":1,"5":1,"6":2,"7":1,"8":1,"9":1},"f":{"0":1,"1":2},"b":{}}
,"/mnt/c/c/Users/Yan/projetos/lab-test-api/src/entity/Vehicle.ts": {"path":"/mnt/c/c/Users/Yan/projetos/lab-test-api/src/entity/Vehicle.ts","statementMap":{"0":{"start":{"line":1,"column":0},"end":{"line":1,"column":85}},"1":{"start":{"line":2,"column":0},"end":{"line":2,"column":32}},"2":{"start":{"line":3,"column":0},"end":{"line":3,"column":32}},"3":{"start":{"line":6,"column":0},"end":{"line":25,"column":null}},"4":{"start":{"line":9,"column":4},"end":{"line":9,"column":null}},"5":{"start":{"line":12,"column":4},"end":{"line":12,"column":null}},"6":{"start":{"line":15,"column":4},"end":{"line":15,"column":null}},"7":{"start":{"line":18,"column":4},"end":{"line":18,"column":null}},"8":{"start":{"line":21,"column":4},"end":{"line":21,"column":null}},"9":{"start":{"line":20,"column":23},"end":{"line":20,"column":28}},"10":{"start":{"line":24,"column":4},"end":{"line":24,"column":null}},"11":{"start":{"line":23,"column":23},"end":{"line":23,"column":28}},"12":{"start":{"line":6,"column":13},"end":{"line":25,"column":null}},"13":{"start":{"line":25,"column":0},"end":{"line":25,"column":null}},"14":{"start":{"line":6,"column":13},"end":{"line":6,"column":20}}},"fnMap":{"0":{"name":"(anonymous_2)","decl":{"start":{"line":6,"column":0},"end":{"line":6,"column":13}},"loc":{"start":{"line":6,"column":0},"end":{"line":25,"column":null}}},"1":{"name":"(anonymous_3)","decl":{"start":{"line":20,"column":15},"end":{"line":20,"column":19}},"loc":{"start":{"line":20,"column":23},"end":{"line":20,"column":28}}},"2":{"name":"(anonymous_4)","decl":{"start":{"line":23,"column":15},"end":{"line":23,"column":19}},"loc":{"start":{"line":23,"column":23},"end":{"line":23,"column":28}}}},"branchMap":{},"s":{"0":1,"1":1,"2":1,"3":2,"4":1,"5":1,"6":1,"7":1,"8":1,"9":2,"10":1,"11":2,"12":1,"13":1,"14":1},"f":{"0":1,"1":2,"2":2},"b":{}}
,"/mnt/c/c/Users/Yan/projetos/lab-test-api/src/migrations/1596375890622-AllTables.ts": {"path":"/mnt/c/c/Users/Yan/projetos/lab-test-api/src/migrations/1596375890622-AllTables.ts","statementMap":{"0":{"start":{"line":4,"column":4},"end":{"line":4,"column":null}},"1":{"start":{"line":7,"column":8},"end":{"line":7,"column":251}},"2":{"start":{"line":8,"column":8},"end":{"line":8,"column":268}},"3":{"start":{"line":9,"column":8},"end":{"line":9,"column":277}},"4":{"start":{"line":10,"column":8},"end":{"line":10,"column":193}},"5":{"start":{"line":11,"column":8},"end":{"line":11,"column":195}},"6":{"start":{"line":12,"column":8},"end":{"line":12,"column":195}},"7":{"start":{"line":16,"column":8},"end":{"line":16,"column":106}},"8":{"start":{"line":17,"column":8},"end":{"line":17,"column":106}},"9":{"start":{"line":18,"column":8},"end":{"line":18,"column":104}},"10":{"start":{"line":19,"column":8},"end":{"line":19,"column":56}},"11":{"start":{"line":20,"column":8},"end":{"line":20,"column":54}},"12":{"start":{"line":21,"column":8},"end":{"line":21,"column":54}},"13":{"start":{"line":3,"column":0},"end":{"line":3,"column":13}}},"fnMap":{"0":{"name":"(anonymous_0)","decl":{"start":{"line":3,"column":0},"end":{"line":3,"column":13}},"loc":{"start":{"line":3,"column":0},"end":{"line":24,"column":1}}},"1":{"name":"(anonymous_1)","decl":{"start":{"line":6,"column":11},"end":{"line":6,"column":16}},"loc":{"start":{"line":6,"column":44},"end":{"line":13,"column":5}}},"2":{"name":"(anonymous_2)","decl":{"start":{"line":15,"column":11},"end":{"line":15,"column":16}},"loc":{"start":{"line":15,"column":46},"end":{"line":22,"column":5}}}},"branchMap":{},"s":{"0":1,"1":0,"2":0,"3":0,"4":0,"5":0,"6":0,"7":0,"8":0,"9":0,"10":0,"11":0,"12":0,"13":1},"f":{"0":1,"1":0,"2":0},"b":{}}
,"/mnt/c/c/Users/Yan/projetos/lab-test-api/src/repositories/BrandRepository.ts": {"path":"/mnt/c/c/Users/Yan/projetos/lab-test-api/src/repositories/BrandRepository.ts","statementMap":{"0":{"start":{"line":1,"column":0},"end":{"line":1,"column":56}},"1":{"start":{"line":2,"column":0},"end":{"line":2,"column":38}},"2":{"start":{"line":5,"column":0},"end":{"line":5,"column":null}},"3":{"start":{"line":5,"column":13},"end":{"line":5,"column":null}},"4":{"start":{"line":5,"column":56},"end":{"line":5,"column":null}},"5":{"start":{"line":5,"column":13},"end":{"line":5,"column":28}}},"fnMap":{"0":{"name":"(anonymous_1)","decl":{"start":{"line":5,"column":0},"end":{"line":5,"column":13}},"loc":{"start":{"line":5,"column":0},"end":{"line":5,"column":null}}}},"branchMap":{},"s":{"0":1,"1":1,"2":2,"3":1,"4":1,"5":1},"f":{"0":1},"b":{}}
,"/mnt/c/c/Users/Yan/projetos/lab-test-api/src/repositories/ModelRepository.ts": {"path":"/mnt/c/c/Users/Yan/projetos/lab-test-api/src/repositories/ModelRepository.ts","statementMap":{"0":{"start":{"line":1,"column":0},"end":{"line":1,"column":56}},"1":{"start":{"line":2,"column":0},"end":{"line":2,"column":38}},"2":{"start":{"line":5,"column":0},"end":{"line":5,"column":null}},"3":{"start":{"line":5,"column":13},"end":{"line":5,"column":null}},"4":{"start":{"line":5,"column":56},"end":{"line":5,"column":null}},"5":{"start":{"line":5,"column":13},"end":{"line":5,"column":28}}},"fnMap":{"0":{"name":"(anonymous_1)","decl":{"start":{"line":5,"column":0},"end":{"line":5,"column":13}},"loc":{"start":{"line":5,"column":0},"end":{"line":5,"column":null}}}},"branchMap":{},"s":{"0":1,"1":1,"2":2,"3":1,"4":1,"5":1},"f":{"0":1},"b":{}}
,"/mnt/c/c/Users/Yan/projetos/lab-test-api/src/repositories/VehicleRepository.ts": {"path":"/mnt/c/c/Users/Yan/projetos/lab-test-api/src/repositories/VehicleRepository.ts","statementMap":{"0":{"start":{"line":1,"column":0},"end":{"line":1,"column":56}},"1":{"start":{"line":2,"column":0},"end":{"line":2,"column":42}},"2":{"start":{"line":5,"column":0},"end":{"line":16,"column":null}},"3":{"start":{"line":7,"column":8},"end":{"line":14,"column":null}},"4":{"start":{"line":5,"column":13},"end":{"line":16,"column":null}},"5":{"start":{"line":16,"column":0},"end":{"line":16,"column":null}},"6":{"start":{"line":5,"column":13},"end":{"line":5,"column":30}}},"fnMap":{"0":{"name":"(anonymous_1)","decl":{"start":{"line":5,"column":0},"end":{"line":5,"column":13}},"loc":{"start":{"line":5,"column":0},"end":{"line":16,"column":null}}},"1":{"name":"(anonymous_2)","decl":{"start":{"line":6,"column":11},"end":{"line":6,"column":16}},"loc":{"start":{"line":6,"column":52},"end":{"line":15,"column":5}}}},"branchMap":{},"s":{"0":1,"1":1,"2":2,"3":0,"4":1,"5":1,"6":1},"f":{"0":1,"1":0},"b":{}}
,"/mnt/c/c/Users/Yan/projetos/lab-test-api/src/repositories/index.ts": {"path":"/mnt/c/c/Users/Yan/projetos/lab-test-api/src/repositories/index.ts","statementMap":{"0":{"start":{"line":1,"column":0},"end":{"line":1,"column":34}},"1":{"start":{"line":2,"column":0},"end":{"line":2,"column":34}},"2":{"start":{"line":3,"column":0},"end":{"line":3,"column":36}}},"fnMap":{},"branchMap":{},"s":{"0":1,"1":1,"2":1},"f":{},"b":{}}
,"/mnt/c/c/Users/Yan/projetos/lab-test-api/src/routes/brands.ts": {"path":"/mnt/c/c/Users/Yan/projetos/lab-test-api/src/routes/brands.ts","statementMap":{"0":{"start":{"line":1,"column":0},"end":{"line":1,"column":52}},"1":{"start":{"line":2,"column":0},"end":{"line":2,"column":47}},"2":{"start":{"line":3,"column":0},"end":{"line":3,"column":50}},"3":{"start":{"line":5,"column":15},"end":{"line":5,"column":23}},"4":{"start":{"line":7,"column":0},"end":{"line":16,"column":3}},"5":{"start":{"line":8,"column":23},"end":{"line":8,"column":59}},"6":{"start":{"line":9,"column":4},"end":{"line":15,"column":null}},"7":{"start":{"line":10,"column":22},"end":{"line":10,"column":66}},"8":{"start":{"line":11,"column":8},"end":{"line":11,"column":24}},"9":{"start":{"line":13,"column":8},"end":{"line":13,"column":27}},"10":{"start":{"line":14,"column":8},"end":{"line":14,"column":58}},"11":{"start":{"line":18,"column":0},"end":{"line":30,"column":3}},"12":{"start":{"line":19,"column":4},"end":{"line":29,"column":null}},"13":{"start":{"line":20,"column":27},"end":{"line":20,"column":63}},"14":{"start":{"line":21,"column":22},"end":{"line":25,"column":10}},"15":{"start":{"line":26,"column":8},"end":{"line":26,"column":24}},"16":{"start":{"line":28,"column":8},"end":{"line":28,"column":60}},"17":{"start":{"line":32,"column":0},"end":{"line":41,"column":3}},"18":{"start":{"line":33,"column":4},"end":{"line":40,"column":null}},"19":{"start":{"line":34,"column":27},"end":{"line":34,"column":63}},"20":{"start":{"line":36,"column":22},"end":{"line":36,"column":64}},"21":{"start":{"line":37,"column":8},"end":{"line":37,"column":24}},"22":{"start":{"line":39,"column":8},"end":{"line":39,"column":60}},"23":{"start":{"line":43,"column":0},"end":{"line":52,"column":3}},"24":{"start":{"line":44,"column":4},"end":{"line":51,"column":null}},"25":{"start":{"line":45,"column":27},"end":{"line":45,"column":63}},"26":{"start":{"line":47,"column":22},"end":{"line":47,"column":85}},"27":{"start":{"line":48,"column":8},"end":{"line":48,"column":24}},"28":{"start":{"line":50,"column":8},"end":{"line":50,"column":61}},"29":{"start":{"line":54,"column":0},"end":{"line":63,"column":3}},"30":{"start":{"line":55,"column":4},"end":{"line":62,"column":null}},"31":{"start":{"line":56,"column":27},"end":{"line":56,"column":63}},"32":{"start":{"line":58,"column":8},"end":{"line":58,"column":51}},"33":{"start":{"line":59,"column":8},"end":{"line":59,"column":28}},"34":{"start":{"line":61,"column":8},"end":{"line":61,"column":60}},"35":{"start":{"line":64,"column":0},"end":{"line":64,"column":22}}},"fnMap":{"0":{"name":"(anonymous_0)","decl":{"start":{"line":7,"column":17},"end":{"line":7,"column":22}},"loc":{"start":{"line":7,"column":55},"end":{"line":16,"column":1}}},"1":{"name":"(anonymous_1)","decl":{"start":{"line":18,"column":16},"end":{"line":18,"column":21}},"loc":{"start":{"line":18,"column":53},"end":{"line":30,"column":1}}},"2":{"name":"(anonymous_2)","decl":{"start":{"line":32,"column":19},"end":{"line":32,"column":24}},"loc":{"start":{"line":32,"column":56},"end":{"line":41,"column":1}}},"3":{"name":"(anonymous_3)","decl":{"start":{"line":43,"column":19},"end":{"line":43,"column":24}},"loc":{"start":{"line":43,"column":56},"end":{"line":52,"column":1}}},"4":{"name":"(anonymous_4)","decl":{"start":{"line":54,"column":22},"end":{"line":54,"column":27}},"loc":{"start":{"line":54,"column":59},"end":{"line":63,"column":1}}}},"branchMap":{},"s":{"0":1,"1":1,"2":1,"3":1,"4":1,"5":0,"6":0,"7":0,"8":0,"9":0,"10":0,"11":1,"12":0,"13":0,"14":0,"15":0,"16":0,"17":1,"18":0,"19":0,"20":0,"21":0,"22":0,"23":1,"24":0,"25":0,"26":0,"27":0,"28":0,"29":1,"30":0,"31":0,"32":0,"33":0,"34":0,"35":1},"f":{"0":0,"1":0,"2":0,"3":0,"4":0},"b":{}}
,"/mnt/c/c/Users/Yan/projetos/lab-test-api/src/routes/index.ts": {"path":"/mnt/c/c/Users/Yan/projetos/lab-test-api/src/routes/index.ts","statementMap":{"0":{"start":{"line":1,"column":0},"end":{"line":1,"column":52}},"1":{"start":{"line":2,"column":0},"end":{"line":2,"column":30}},"2":{"start":{"line":3,"column":1},"end":{"line":3,"column":31}},"3":{"start":{"line":4,"column":0},"end":{"line":4,"column":34}},"4":{"start":{"line":8,"column":15},"end":{"line":8,"column":23}},"5":{"start":{"line":11,"column":0},"end":{"line":11,"column":30}},"6":{"start":{"line":12,"column":0},"end":{"line":12,"column":30}},"7":{"start":{"line":13,"column":0},"end":{"line":13,"column":34}},"8":{"start":{"line":14,"column":0},"end":{"line":14,"column":22}}},"fnMap":{},"branchMap":{},"s":{"0":1,"1":1,"2":1,"3":1,"4":1,"5":1,"6":1,"7":1,"8":1},"f":{},"b":{}}
,"/mnt/c/c/Users/Yan/projetos/lab-test-api/src/routes/models.ts": {"path":"/mnt/c/c/Users/Yan/projetos/lab-test-api/src/routes/models.ts","statementMap":{"0":{"start":{"line":1,"column":0},"end":{"line":1,"column":52}},"1":{"start":{"line":2,"column":0},"end":{"line":2,"column":47}},"2":{"start":{"line":3,"column":0},"end":{"line":3,"column":67}},"3":{"start":{"line":5,"column":15},"end":{"line":5,"column":23}},"4":{"start":{"line":7,"column":0},"end":{"line":24,"column":3}},"5":{"start":{"line":8,"column":28},"end":{"line":8,"column":64}},"6":{"start":{"line":9,"column":28},"end":{"line":9,"column":64}},"7":{"start":{"line":11,"column":18},"end":{"line":11,"column":71}},"8":{"start":{"line":13,"column":4},"end":{"line":23,"column":null}},"9":{"start":{"line":14,"column":22},"end":{"line":18,"column":14}},"10":{"start":{"line":19,"column":8},"end":{"line":19,"column":24}},"11":{"start":{"line":21,"column":8},"end":{"line":21,"column":27}},"12":{"start":{"line":22,"column":8},"end":{"line":22,"column":61}},"13":{"start":{"line":26,"column":0},"end":{"line":41,"column":3}},"14":{"start":{"line":27,"column":28},"end":{"line":27,"column":64}},"15":{"start":{"line":29,"column":4},"end":{"line":40,"column":null}},"16":{"start":{"line":30,"column":22},"end":{"line":35,"column":14}},"17":{"start":{"line":36,"column":8},"end":{"line":36,"column":24}},"18":{"start":{"line":38,"column":8},"end":{"line":38,"column":27}},"19":{"start":{"line":39,"column":8},"end":{"line":39,"column":61}},"20":{"start":{"line":43,"column":0},"end":{"line":56,"column":3}},"21":{"start":{"line":44,"column":28},"end":{"line":44,"column":64}},"22":{"start":{"line":46,"column":4},"end":{"line":55,"column":null}},"23":{"start":{"line":47,"column":22},"end":{"line":50,"column":14}},"24":{"start":{"line":51,"column":8},"end":{"line":51,"column":24}},"25":{"start":{"line":53,"column":8},"end":{"line":53,"column":27}},"26":{"start":{"line":54,"column":8},"end":{"line":54,"column":61}},"27":{"start":{"line":58,"column":0},"end":{"line":72,"column":3}},"28":{"start":{"line":59,"column":28},"end":{"line":59,"column":64}},"29":{"start":{"line":61,"column":4},"end":{"line":71,"column":null}},"30":{"start":{"line":62,"column":22},"end":{"line":66,"column":14}},"31":{"start":{"line":67,"column":8},"end":{"line":67,"column":24}},"32":{"start":{"line":69,"column":8},"end":{"line":69,"column":27}},"33":{"start":{"line":70,"column":8},"end":{"line":70,"column":64}},"34":{"start":{"line":74,"column":0},"end":{"line":87,"column":3}},"35":{"start":{"line":75,"column":28},"end":{"line":75,"column":64}},"36":{"start":{"line":77,"column":4},"end":{"line":86,"column":null}},"37":{"start":{"line":78,"column":22},"end":{"line":81,"column":14}},"38":{"start":{"line":82,"column":8},"end":{"line":82,"column":24}},"39":{"start":{"line":84,"column":8},"end":{"line":84,"column":27}},"40":{"start":{"line":85,"column":8},"end":{"line":85,"column":64}},"41":{"start":{"line":88,"column":0},"end":{"line":88,"column":22}}},"fnMap":{"0":{"name":"(anonymous_0)","decl":{"start":{"line":7,"column":17},"end":{"line":7,"column":22}},"loc":{"start":{"line":7,"column":55},"end":{"line":24,"column":1}}},"1":{"name":"(anonymous_1)","decl":{"start":{"line":26,"column":16},"end":{"line":26,"column":21}},"loc":{"start":{"line":26,"column":54},"end":{"line":41,"column":1}}},"2":{"name":"(anonymous_2)","decl":{"start":{"line":43,"column":19},"end":{"line":43,"column":24}},"loc":{"start":{"line":43,"column":57},"end":{"line":56,"column":1}}},"3":{"name":"(anonymous_3)","decl":{"start":{"line":58,"column":19},"end":{"line":58,"column":24}},"loc":{"start":{"line":58,"column":57},"end":{"line":72,"column":1}}},"4":{"name":"(anonymous_4)","decl":{"start":{"line":74,"column":22},"end":{"line":74,"column":27}},"loc":{"start":{"line":74,"column":60},"end":{"line":87,"column":1}}}},"branchMap":{},"s":{"0":1,"1":1,"2":1,"3":1,"4":1,"5":0,"6":0,"7":0,"8":0,"9":0,"10":0,"11":0,"12":0,"13":1,"14":0,"15":0,"16":0,"17":0,"18":0,"19":0,"20":1,"21":0,"22":0,"23":0,"24":0,"25":0,"26":0,"27":1,"28":0,"29":0,"30":0,"31":0,"32":0,"33":0,"34":1,"35":0,"36":0,"37":0,"38":0,"39":0,"40":0,"41":1},"f":{"0":0,"1":0,"2":0,"3":0,"4":0},"b":{}}
,"/mnt/c/c/Users/Yan/projetos/lab-test-api/src/routes/vehicles.ts": {"path":"/mnt/c/c/Users/Yan/projetos/lab-test-api/src/routes/vehicles.ts","statementMap":{"0":{"start":{"line":1,"column":0},"end":{"line":1,"column":52}},"1":{"start":{"line":2,"column":0},"end":{"line":2,"column":47}},"2":{"start":{"line":3,"column":0},"end":{"line":3,"column":86}},"3":{"start":{"line":5,"column":15},"end":{"line":5,"column":23}},"4":{"start":{"line":7,"column":0},"end":{"line":29,"column":3}},"5":{"start":{"line":8,"column":28},"end":{"line":8,"column":64}},"6":{"start":{"line":9,"column":28},"end":{"line":9,"column":64}},"7":{"start":{"line":10,"column":31},"end":{"line":10,"column":69}},"8":{"start":{"line":12,"column":18},"end":{"line":12,"column":71}},"9":{"start":{"line":13,"column":18},"end":{"line":13,"column":71}},"10":{"start":{"line":15,"column":4},"end":{"line":28,"column":null}},"11":{"start":{"line":16,"column":24},"end":{"line":23,"column":14}},"12":{"start":{"line":24,"column":8},"end":{"line":24,"column":26}},"13":{"start":{"line":26,"column":8},"end":{"line":26,"column":27}},"14":{"start":{"line":27,"column":8},"end":{"line":27,"column":62}},"15":{"start":{"line":31,"column":0},"end":{"line":41,"column":3}},"16":{"start":{"line":32,"column":31},"end":{"line":32,"column":69}},"17":{"start":{"line":34,"column":4},"end":{"line":40,"column":null}},"18":{"start":{"line":35,"column":25},"end":{"line":35,"column":88}},"19":{"start":{"line":36,"column":8},"end":{"line":36,"column":27}},"20":{"start":{"line":38,"column":8},"end":{"line":38,"column":27}},"21":{"start":{"line":39,"column":8},"end":{"line":39,"column":70}},"22":{"start":{"line":43,"column":0},"end":{"line":53,"column":3}},"23":{"start":{"line":44,"column":31},"end":{"line":44,"column":69}},"24":{"start":{"line":46,"column":4},"end":{"line":52,"column":null}},"25":{"start":{"line":47,"column":25},"end":{"line":47,"column":74}},"26":{"start":{"line":48,"column":8},"end":{"line":48,"column":27}},"27":{"start":{"line":50,"column":8},"end":{"line":50,"column":27}},"28":{"start":{"line":51,"column":8},"end":{"line":51,"column":70}},"29":{"start":{"line":55,"column":0},"end":{"line":65,"column":3}},"30":{"start":{"line":56,"column":31},"end":{"line":56,"column":69}},"31":{"start":{"line":58,"column":4},"end":{"line":64,"column":null}},"32":{"start":{"line":59,"column":25},"end":{"line":59,"column":76}},"33":{"start":{"line":60,"column":8},"end":{"line":60,"column":27}},"34":{"start":{"line":62,"column":8},"end":{"line":62,"column":27}},"35":{"start":{"line":63,"column":8},"end":{"line":63,"column":70}},"36":{"start":{"line":67,"column":0},"end":{"line":82,"column":3}},"37":{"start":{"line":68,"column":31},"end":{"line":68,"column":69}},"38":{"start":{"line":70,"column":4},"end":{"line":81,"column":null}},"39":{"start":{"line":71,"column":25},"end":{"line":76,"column":10}},"40":{"start":{"line":77,"column":8},"end":{"line":77,"column":27}},"41":{"start":{"line":79,"column":8},"end":{"line":79,"column":27}},"42":{"start":{"line":80,"column":8},"end":{"line":80,"column":70}},"43":{"start":{"line":83,"column":0},"end":{"line":83,"column":22}}},"fnMap":{"0":{"name":"(anonymous_0)","decl":{"start":{"line":7,"column":17},"end":{"line":7,"column":22}},"loc":{"start":{"line":7,"column":55},"end":{"line":29,"column":1}}},"1":{"name":"(anonymous_1)","decl":{"start":{"line":31,"column":24},"end":{"line":31,"column":29}},"loc":{"start":{"line":31,"column":62},"end":{"line":41,"column":1}}},"2":{"name":"(anonymous_2)","decl":{"start":{"line":43,"column":19},"end":{"line":43,"column":24}},"loc":{"start":{"line":43,"column":57},"end":{"line":53,"column":1}}},"3":{"name":"(anonymous_3)","decl":{"start":{"line":55,"column":22},"end":{"line":55,"column":27}},"loc":{"start":{"line":55,"column":60},"end":{"line":65,"column":1}}},"4":{"name":"(anonymous_4)","decl":{"start":{"line":67,"column":19},"end":{"line":67,"column":24}},"loc":{"start":{"line":67,"column":57},"end":{"line":82,"column":1}}}},"branchMap":{},"s":{"0":1,"1":1,"2":1,"3":1,"4":1,"5":0,"6":0,"7":0,"8":0,"9":0,"10":0,"11":0,"12":0,"13":0,"14":0,"15":1,"16":0,"17":0,"18":0,"19":0,"20":0,"21":0,"22":1,"23":0,"24":0,"25":0,"26":0,"27":0,"28":0,"29":1,"30":0,"31":0,"32":0,"33":0,"34":0,"35":0,"36":1,"37":0,"38":0,"39":0,"40":0,"41":0,"42":0,"43":1},"f":{"0":0,"1":0,"2":0,"3":0,"4":0},"b":{}}
}
